0 info it worked if it ends with ok
1 verbose cli [ '/Users/aubreynortham/.nvm/versions/node/v6.9.4/bin/node',
1 verbose cli   '/Users/aubreynortham/.nvm/versions/node/v6.9.4/bin/npm',
1 verbose cli   'run',
1 verbose cli   'build' ]
2 info using npm@3.10.10
3 info using node@v6.9.4
4 verbose run-script [ 'prebuild', 'build', 'postbuild' ]
5 info lifecycle basa-basa@0.2.6~prebuild: basa-basa@0.2.6
6 silly lifecycle basa-basa@0.2.6~prebuild: no script for prebuild, continuing
7 info lifecycle basa-basa@0.2.6~build: basa-basa@0.2.6
8 verbose lifecycle basa-basa@0.2.6~build: unsafe-perm in lifecycle true
9 verbose lifecycle basa-basa@0.2.6~build: PATH: /Users/aubreynortham/.nvm/versions/node/v6.9.4/lib/node_modules/npm/bin/node-gyp-bin:/Users/aubreynortham/projects/basa-basa/node_modules/.bin:/Users/aubreynortham/projects/basa-basa/node_modules/.bin:/Users/aubreynortham/.config/yarn/link/node_modules/.bin:/Users/aubreynortham/projects/basa-basa/node_modules/.bin:/Users/aubreynortham/.config/yarn/link/node_modules/.bin:/Users/aubreynortham/.nvm/versions/node/v6.9.4/lib/node_modules/yarn/bin/node-gyp-bin:/Users/aubreynortham/.rbenv/shims:/Users/aubreynortham/.nvm/versions/node/v6.9.4/bin:/usr/local/Cellar/pyenv-virtualenv/1.0.0/shims:/Users/aubreynortham/.pyenv/shims:/usr/local/bin:/usr/bin:/bin:/usr/sbin:/sbin
10 verbose lifecycle basa-basa@0.2.6~build: CWD: /Users/aubreynortham/projects/basa-basa
11 silly lifecycle basa-basa@0.2.6~build: Args: [ '-c', 'babel src/index.js --watch --out-file index.js' ]
12 info lifecycle basa-basa@0.2.6~build: Failed to exec build script
13 verbose stack Error: basa-basa@0.2.6 build: `babel src/index.js --watch --out-file index.js`
13 verbose stack spawn ENOENT
13 verbose stack     at ChildProcess.<anonymous> (/Users/aubreynortham/.nvm/versions/node/v6.9.4/lib/node_modules/npm/lib/utils/spawn.js:33:16)
13 verbose stack     at emitTwo (events.js:106:13)
13 verbose stack     at ChildProcess.emit (events.js:191:7)
13 verbose stack     at maybeClose (internal/child_process.js:877:16)
13 verbose stack     at Process.ChildProcess._handle.onexit (internal/child_process.js:226:5)
14 verbose pkgid basa-basa@0.2.6
15 verbose cwd /Users/aubreynortham/projects/basa-basa
16 error Darwin 16.6.0
17 error argv "/Users/aubreynortham/.nvm/versions/node/v6.9.4/bin/node" "/Users/aubreynortham/.nvm/versions/node/v6.9.4/bin/npm" "run" "build"
18 error node v6.9.4
19 error npm  v3.10.10
20 error file sh
21 error code ELIFECYCLE
22 error errno ENOENT
23 error syscall spawn
24 error basa-basa@0.2.6 build: `babel src/index.js --watch --out-file index.js`
24 error spawn ENOENT
25 error Failed at the basa-basa@0.2.6 build script 'babel src/index.js --watch --out-file index.js'.
25 error Make sure you have the latest version of node.js and npm installed.
25 error If you do, this is most likely a problem with the basa-basa package,
25 error not with npm itself.
25 error Tell the author that this fails on your system:
25 error     babel src/index.js --watch --out-file index.js
25 error You can get information on how to open an issue for this project with:
25 error     npm bugs basa-basa
25 error Or if that isn't available, you can get their info via:
25 error     npm owner ls basa-basa
25 error There is likely additional logging output above.
26 verbose exit [ 1, true ]
